# JRE version: Java(TM) SE Runtime Environment (17.0+35) (build 17+35-LTS-2724)
# Java VM: Java HotSpot(TM) 64-Bit Server VM (17+35-LTS-2724, mixed mode, sharing, tiered, compressed oops, compressed class ptrs, g1 gc, windows-amd64)
GC Precious Log:
 CPUs: 8 total, 8 available
 Memory: 6030M
 Large Page Support: Disabled
 NUMA Support: Disabled
 Compressed Oops: Enabled (32-bit)
 Heap Region Size: 1M
 Heap Min Capacity: 8M
 Heap Initial Capacity: 96M
 Heap Max Capacity: 1508M
 Pre-touch: Disabled
 Parallel Workers: 8
 Concurrent Workers: 2
 Concurrent Refinement Workers: 8
 Periodic GC: Disabled
Heap:
 garbage-first heap   total 163840K, used 106003K [0x00000000a1c00000, 0x0000000100000000)
  region size 1024K, 82 young (83968K), 3 survivors (3072K)
 Metaspace       used 72368K, committed 72896K, reserved 1114112K
  class space    used 9563K, committed 9856K, reserved 1048576K
GC Heap History (20 events):
Event: 5219.389 GC heap before
{Heap before GC invocations=39 (full 2):
 garbage-first heap   total 92160K, used 72784K [0x00000000a1c00000, 0x0000000100000000)
  region size 1024K, 46 young (47104K), 2 survivors (2048K)
 Metaspace       used 71205K, committed 71744K, reserved 1114112K
  class space    used 9515K, committed 9792K, reserved 1048576K
}
Event: 5219.398 GC heap after
{Heap after GC invocations=40 (full 2):
 garbage-first heap   total 184320K, used 28563K [0x00000000a1c00000, 0x0000000100000000)
  region size 1024K, 2 young (2048K), 2 survivors (2048K)
 Metaspace       used 71205K, committed 71744K, reserved 1114112K
  class space    used 9515K, committed 9792K, reserved 1048576K
}
Event: 5741.714 GC heap before
{Heap before GC invocations=40 (full 2):
 garbage-first heap   total 184320K, used 68499K [0x00000000a1c00000, 0x0000000100000000)
  region size 1024K, 43 young (44032K), 2 survivors (2048K)
 Metaspace       used 71308K, committed 71936K, reserved 1114112K
  class space    used 9530K, committed 9856K, reserved 1048576K
}
Event: 5742.593 GC heap after
{Heap after GC invocations=41 (full 3):
 garbage-first heap   total 81920K, used 21778K [0x00000000a1c00000, 0x0000000100000000)
  region size 1024K, 0 young (0K), 0 survivors (0K)
 Metaspace       used 71241K, committed 71936K, reserved 1114112K
  class space    used 9515K, committed 9856K, reserved 1048576K
}
Event: 5748.035 GC heap before
{Heap before GC invocations=41 (full 3):
 garbage-first heap   total 81920K, used 66834K [0x00000000a1c00000, 0x0000000100000000)
  region size 1024K, 45 young (46080K), 0 survivors (0K)
 Metaspace       used 71407K, committed 72000K, reserved 1114112K
  class space    used 9525K, committed 9856K, reserved 1048576K
}
Event: 5748.057 GC heap after
{Heap after GC invocations=42 (full 3):
 garbage-first heap   total 81920K, used 25427K [0x00000000a1c00000, 0x0000000100000000)
  region size 1024K, 4 young (4096K), 4 survivors (4096K)
 Metaspace       used 71407K, committed 72000K, reserved 1114112K
  class space    used 9525K, committed 9856K, reserved 1048576K
}
Event: 5748.085 GC heap before
{Heap before GC invocations=42 (full 3):
 garbage-first heap   total 81920K, used 64339K [0x00000000a1c00000, 0x0000000100000000)
  region size 1024K, 43 young (44032K), 4 survivors (4096K)
 Metaspace       used 71407K, committed 72000K, reserved 1114112K
  class space    used 9525K, committed 9856K, reserved 1048576K
}
Event: 5748.102 GC heap after
{Heap after GC invocations=43 (full 3):
 garbage-first heap   total 81920K, used 25352K [0x00000000a1c00000, 0x0000000100000000)
  region size 1024K, 1 young (1024K), 1 survivors (1024K)
 Metaspace       used 71407K, committed 72000K, reserved 1114112K
  class space    used 9525K, committed 9856K, reserved 1048576K
}
Event: 5748.128 GC heap before
{Heap before GC invocations=43 (full 3):
 garbage-first heap   total 81920K, used 64264K [0x00000000a1c00000, 0x0000000100000000)
  region size 1024K, 40 young (40960K), 1 survivors (1024K)
 Metaspace       used 71407K, committed 72000K, reserved 1114112K
  class space    used 9525K, committed 9856K, reserved 1048576K
}
Event: 5748.130 GC heap after
{Heap after GC invocations=44 (full 3):
 garbage-first heap   total 81920K, used 25378K [0x00000000a1c00000, 0x0000000100000000)
  region size 1024K, 1 young (1024K), 1 survivors (1024K)
 Metaspace       used 71407K, committed 72000K, reserved 1114112K
  class space    used 9525K, committed 9856K, reserved 1048576K
}
Event: 5748.345 GC heap before
{Heap before GC invocations=44 (full 3):
 garbage-first heap   total 81920K, used 64290K [0x00000000a1c00000, 0x0000000100000000)
  region size 1024K, 40 young (40960K), 1 survivors (1024K)
 Metaspace       used 71428K, committed 72064K, reserved 1114112K
  class space    used 9525K, committed 9856K, reserved 1048576K
}
Event: 5748.349 GC heap after
{Heap after GC invocations=45 (full 3):
 garbage-first heap   total 81920K, used 25654K [0x00000000a1c00000, 0x0000000100000000)
  region size 1024K, 1 young (1024K), 1 survivors (1024K)
 Metaspace       used 71428K, committed 72064K, reserved 1114112K
  class space    used 9525K, committed 9856K, reserved 1048576K
}
Event: 5751.030 GC heap before
{Heap before GC invocations=45 (full 3):
 garbage-first heap   total 81920K, used 66614K [0x00000000a1c00000, 0x0000000100000000)
  region size 1024K, 41 young (41984K), 1 survivors (1024K)
 Metaspace       used 71777K, committed 72320K, reserved 1114112K
  class space    used 9535K, committed 9856K, reserved 1048576K
}
Event: 5751.039 GC heap after
{Heap after GC invocations=46 (full 3):
 garbage-first heap   total 81920K, used 29328K [0x00000000a1c00000, 0x0000000100000000)
  region size 1024K, 4 young (4096K), 4 survivors (4096K)
 Metaspace       used 71777K, committed 72320K, reserved 1114112K
  class space    used 9535K, committed 9856K, reserved 1048576K
}
Event: 5755.103 GC heap before
{Heap before GC invocations=46 (full 3):
 garbage-first heap   total 81920K, used 36496K [0x00000000a1c00000, 0x0000000100000000)
  region size 1024K, 12 young (12288K), 4 survivors (4096K)
 Metaspace       used 71793K, committed 72384K, reserved 1114112K
  class space    used 9536K, committed 9856K, reserved 1048576K
}
Event: 5755.183 GC heap after
{Heap after GC invocations=47 (full 4):
 garbage-first heap   total 81920K, used 24320K [0x00000000a1c00000, 0x0000000100000000)
  region size 1024K, 0 young (0K), 0 survivors (0K)
 Metaspace       used 71780K, committed 72384K, reserved 1114112K
  class space    used 9534K, committed 9856K, reserved 1048576K
}
Event: 5757.829 GC heap before
{Heap before GC invocations=47 (full 4):
 garbage-first heap   total 81920K, used 64256K [0x00000000a1c00000, 0x0000000100000000)
  region size 1024K, 40 young (40960K), 0 survivors (0K)
 Metaspace       used 71881K, committed 72448K, reserved 1114112K
  class space    used 9540K, committed 9856K, reserved 1048576K
}
Event: 5757.835 GC heap after
{Heap after GC invocations=48 (full 4):
 garbage-first heap   total 163840K, used 27272K [0x00000000a1c00000, 0x0000000100000000)
  region size 1024K, 3 young (3072K), 3 survivors (3072K)
 Metaspace       used 71881K, committed 72448K, reserved 1114112K
  class space    used 9540K, committed 9856K, reserved 1048576K
}
Event: 5757.985 GC heap before
{Heap before GC invocations=48 (full 4):
 garbage-first heap   total 163840K, used 121480K [0x00000000a1c00000, 0x0000000100000000)
  region size 1024K, 96 young (98304K), 3 survivors (3072K)
 Metaspace       used 71881K, committed 72448K, reserved 1114112K
  class space    used 9540K, committed 9856K, reserved 1048576K
}
Event: 5757.990 GC heap after
{Heap after GC invocations=49 (full 4):
 garbage-first heap   total 163840K, used 27155K [0x00000000a1c00000, 0x0000000100000000)
  region size 1024K, 3 young (3072K), 3 survivors (3072K)
 Metaspace       used 71881K, committed 72448K, reserved 1114112K
  class space    used 9540K, committed 9856K, reserved 1048576K
}

